2016-08-15 15:10:49  [ main:0 ] - [ DEBUG ]  Logging Provider: org.jboss.logging.Log4jLoggerProvider
2016-08-15 15:10:53  [ main:3361 ] - [ ERROR ]  Caught exception while allowing TestExecutionListener [org.springframework.test.context.support.DependencyInjectionTestExecutionListener@48f4713c] to prepare test instance [qblog.TestMessage@f1868c9]
org.springframework.beans.factory.BeanCreationException: Error creating bean with name 'qblog.TestMessage': Injection of resource dependencies failed; nested exception is org.springframework.beans.factory.NoSuchBeanDefinitionException: No qualifying bean of type [com.qjk.qblog.dao.IMessageDao] found for dependency: expected at least 1 bean which qualifies as autowire candidate for this dependency. Dependency annotations: {@javax.annotation.Resource(shareable=true, lookup=, name=, description=, authenticationType=CONTAINER, type=class java.lang.Object, mappedName=)}
	at org.springframework.context.annotation.CommonAnnotationBeanPostProcessor.postProcessPropertyValues(CommonAnnotationBeanPostProcessor.java:311)
	at org.springframework.beans.factory.support.AbstractAutowireCapableBeanFactory.populateBean(AbstractAutowireCapableBeanFactory.java:1214)
	at org.springframework.beans.factory.support.AbstractAutowireCapableBeanFactory.autowireBeanProperties(AbstractAutowireCapableBeanFactory.java:385)
	at org.springframework.test.context.support.DependencyInjectionTestExecutionListener.injectDependencies(DependencyInjectionTestExecutionListener.java:118)
	at org.springframework.test.context.support.DependencyInjectionTestExecutionListener.prepareTestInstance(DependencyInjectionTestExecutionListener.java:83)
	at org.springframework.test.context.TestContextManager.prepareTestInstance(TestContextManager.java:228)
	at org.springframework.test.context.junit4.SpringJUnit4ClassRunner.createTest(SpringJUnit4ClassRunner.java:230)
	at org.springframework.test.context.junit4.SpringJUnit4ClassRunner$1.runReflectiveCall(SpringJUnit4ClassRunner.java:289)
	at org.junit.internal.runners.model.ReflectiveCallable.run(ReflectiveCallable.java:12)
	at org.springframework.test.context.junit4.SpringJUnit4ClassRunner.methodBlock(SpringJUnit4ClassRunner.java:291)
	at org.springframework.test.context.junit4.SpringJUnit4ClassRunner.runChild(SpringJUnit4ClassRunner.java:249)
	at org.springframework.test.context.junit4.SpringJUnit4ClassRunner.runChild(SpringJUnit4ClassRunner.java:89)
	at org.junit.runners.ParentRunner$3.run(ParentRunner.java:238)
	at org.junit.runners.ParentRunner$1.schedule(ParentRunner.java:63)
	at org.junit.runners.ParentRunner.runChildren(ParentRunner.java:236)
	at org.junit.runners.ParentRunner.access$000(ParentRunner.java:53)
	at org.junit.runners.ParentRunner$2.evaluate(ParentRunner.java:229)
	at org.springframework.test.context.junit4.statements.RunBeforeTestClassCallbacks.evaluate(RunBeforeTestClassCallbacks.java:61)
	at org.springframework.test.context.junit4.statements.RunAfterTestClassCallbacks.evaluate(RunAfterTestClassCallbacks.java:70)
	at org.junit.runners.ParentRunner.run(ParentRunner.java:309)
	at org.springframework.test.context.junit4.SpringJUnit4ClassRunner.run(SpringJUnit4ClassRunner.java:193)
	at org.eclipse.jdt.internal.junit4.runner.JUnit4TestReference.run(JUnit4TestReference.java:50)
	at org.eclipse.jdt.internal.junit.runner.TestExecution.run(TestExecution.java:38)
	at org.eclipse.jdt.internal.junit.runner.RemoteTestRunner.runTests(RemoteTestRunner.java:459)
	at org.eclipse.jdt.internal.junit.runner.RemoteTestRunner.runTests(RemoteTestRunner.java:675)
	at org.eclipse.jdt.internal.junit.runner.RemoteTestRunner.run(RemoteTestRunner.java:382)
	at org.eclipse.jdt.internal.junit.runner.RemoteTestRunner.main(RemoteTestRunner.java:192)
Caused by: org.springframework.beans.factory.NoSuchBeanDefinitionException: No qualifying bean of type [com.qjk.qblog.dao.IMessageDao] found for dependency: expected at least 1 bean which qualifies as autowire candidate for this dependency. Dependency annotations: {@javax.annotation.Resource(shareable=true, lookup=, name=, description=, authenticationType=CONTAINER, type=class java.lang.Object, mappedName=)}
	at org.springframework.beans.factory.support.DefaultListableBeanFactory.raiseNoSuchBeanDefinitionException(DefaultListableBeanFactory.java:1373)
	at org.springframework.beans.factory.support.DefaultListableBeanFactory.doResolveDependency(DefaultListableBeanFactory.java:1119)
	at org.springframework.beans.factory.support.DefaultListableBeanFactory.resolveDependency(DefaultListableBeanFactory.java:1014)
	at org.springframework.context.annotation.CommonAnnotationBeanPostProcessor.autowireResource(CommonAnnotationBeanPostProcessor.java:508)
	at org.springframework.context.annotation.CommonAnnotationBeanPostProcessor.getResource(CommonAnnotationBeanPostProcessor.java:486)
	at org.springframework.context.annotation.CommonAnnotationBeanPostProcessor$ResourceElement.getResourceToInject(CommonAnnotationBeanPostProcessor.java:615)
	at org.springframework.beans.factory.annotation.InjectionMetadata$InjectedElement.inject(InjectionMetadata.java:169)
	at org.springframework.beans.factory.annotation.InjectionMetadata.inject(InjectionMetadata.java:88)
	at org.springframework.context.annotation.CommonAnnotationBeanPostProcessor.postProcessPropertyValues(CommonAnnotationBeanPostProcessor.java:308)
	... 26 more
2016-08-15 15:11:21  [ main:0 ] - [ DEBUG ]  Logging Provider: org.jboss.logging.Log4jLoggerProvider
2016-08-15 15:11:21  [ main:0 ] - [ DEBUG ]  Logging Provider: org.jboss.logging.Log4jLoggerProvider
2016-08-15 15:12:15  [ main:0 ] - [ DEBUG ]  Logging Provider: org.jboss.logging.Log4jLoggerProvider
2016-08-15 15:12:17  [ main:2431 ] - [ ERROR ]  Cannot add or update a child row: a foreign key constraint fails (`qblog`.`qblog_message`, CONSTRAINT `FKjrq691htpm998xeckemxmlyo2` FOREIGN KEY (`user_id`) REFERENCES `qblog_user` (`uid`))
2016-08-15 15:13:23  [ main:0 ] - [ DEBUG ]  Logging Provider: org.jboss.logging.Log4jLoggerProvider
2016-08-15 15:15:37  [ main:0 ] - [ DEBUG ]  Logging Provider: org.jboss.logging.Log4jLoggerProvider
2016-08-15 15:17:56  [ main:1 ] - [ DEBUG ]  Logging Provider: org.jboss.logging.Log4jLoggerProvider
2016-08-15 15:18:27  [ main:0 ] - [ DEBUG ]  Logging Provider: org.jboss.logging.Log4jLoggerProvider
2016-08-15 15:19:14  [ main:0 ] - [ DEBUG ]  Logging Provider: org.jboss.logging.Log4jLoggerProvider
2016-08-15 15:19:17  [ main:2632 ] - [ ERROR ]  Field 'messageId' doesn't have a default value
2016-08-15 15:22:22  [ main:0 ] - [ DEBUG ]  Logging Provider: org.jboss.logging.Log4jLoggerProvider
2016-08-15 15:22:25  [ main:2771 ] - [ ERROR ]  Field 'messageId' doesn't have a default value
2016-08-15 15:24:38  [ main:0 ] - [ DEBUG ]  Logging Provider: org.jboss.logging.Log4jLoggerProvider
2016-08-15 15:24:41  [ main:2751 ] - [ ERROR ]  Cannot add or update a child row: a foreign key constraint fails (`qblog`.`qblog_message`, CONSTRAINT `FKdwvk6qytbtycs5l1jcah2od7h` FOREIGN KEY (`quote_messageId`) REFERENCES `qblog_message` (`messageId`))
2016-08-15 15:26:55  [ main:0 ] - [ DEBUG ]  Logging Provider: org.jboss.logging.Log4jLoggerProvider
